time="2025-06-10T20:33:01+07:00" level=info msg="Try server starting" func="server.(*Server).Run()" file="server.go:\x1a"
time="2025-06-10T20:37:13+07:00" level=info msg="Try server starting" func="server.(*Server).Run()" file="server.go:\x1a"
time="2025-06-10T20:45:13+07:00" level=info msg="Try server starting" func="server.(*Server).Run()" file="server.go:\x1a"
time="2025-06-10T20:47:16+07:00" level=info msg="Try server starting" func="server.(*Server).Run()" file="server.go:\x1a"
time="2025-06-10T20:51:37+07:00" level=info msg="Try server starting" func="server.(*Server).Run()" file="server.go:\x1a"
time="2025-06-10T20:51:37+07:00" level=info msg="Server started!!!!!!!!" func="server.(*Server).Run()" file="server.go:!"
time="2025-06-10T20:51:37+07:00" level=info msg="Server is listening on PORT: 8080" func="server.(*Server).Run.func1()" file="server.go:$"
time="2025-06-10T20:52:51+07:00" level=info msg="Try server starting" func="server.(*Server).Run()" file="server.go:\x1a"
time="2025-06-10T20:52:51+07:00" level=info msg="Server started!!!!!!!!" func="server.(*Server).Run()" file="server.go:!"
time="2025-06-10T20:52:51+07:00" level=info msg="Server is listening on PORT: 8080" func="server.(*Server).Run.func1()" file="server.go:$"
time="2025-06-10T20:53:06+07:00" level=info msg="Try server starting" func="server.(*Server).Run()" file="server.go:\x1a"
time="2025-06-10T20:53:06+07:00" level=info msg="Server started!!!!!!!!" func="server.(*Server).Run()" file="server.go:!"
time="2025-06-10T20:54:09+07:00" level=info msg="Try server starting" func="server.(*Server).Run()" file="server.go:\x1a"
time="2025-06-10T20:54:09+07:00" level=info msg="Server started!!!!!!!!" func="server.(*Server).Run()" file="server.go:!"
time="2025-06-10T20:55:47+07:00" level=info msg="Try server starting" func="server.(*Server).Run()" file="server.go:\x1a"
time="2025-06-10T20:55:47+07:00" level=info msg="Server started!!!!!!!!" func="server.(*Server).Run()" file="server.go:!"
time="2025-06-10T20:56:57+07:00" level=info msg="Try server starting" func="server.(*Server).Run()" file="server.go:\x1a"
time="2025-06-10T20:56:57+07:00" level=info msg="Server started!!!!!!!!" func="server.(*Server).Run()" file="server.go:!"
time="2025-06-10T20:58:12+07:00" level=info msg="Try server starting" func="server.(*Server).Run()" file="server.go:\x1b"
time="2025-06-10T21:02:39+07:00" level=info msg="database connection is not initialized" func="server.(*Server).MapHandlers()" file="handlers.go:\x0f"
time="2025-06-10T21:03:38+07:00" level=info msg=TESTIIIIIIIIIIIIIIIIIIIk func="server.(*Server).MapHandlers()" file="handlers.go:\x15"
time="2025-06-10T21:04:27+07:00" level=info msg=TESTIIIIIIIIIIIIIIIIIIIk func="server.(*Server).MapHandlers()" file="handlers.go:\x15"
time="2025-06-10T21:04:27+07:00" level=info msg=22222222222222222222222 func="server.(*Server).MapHandlers()" file="handlers.go:\x17"
time="2025-06-10T21:04:27+07:00" level=info msg=333333333333333333 func="server.(*Server).MapHandlers()" file="handlers.go:\x19"
time="2025-06-10T21:04:47+07:00" level=info msg=TESTIIIIIIIIIIIIIIIIIIIk func="server.(*Server).MapHandlers()" file="handlers.go:\x15"
time="2025-06-10T21:04:47+07:00" level=info msg=22222222222222222222222 func="server.(*Server).MapHandlers()" file="handlers.go:\x17"
time="2025-06-10T21:04:47+07:00" level=info msg=333333333333333333 func="server.(*Server).MapHandlers()" file="handlers.go:\x19"
time="2025-06-10T21:08:57+07:00" level=info msg=TESTIIIIIIIIIIIIIIIIIIIk func="server.(*Server).MapHandlers()" file="handlers.go:\x15"
time="2025-06-10T21:08:57+07:00" level=info msg=22222222222222222222222 func="server.(*Server).MapHandlers()" file="handlers.go:\x17"
time="2025-06-10T21:08:57+07:00" level=info msg=333333333333333333 func="server.(*Server).MapHandlers()" file="handlers.go:\x19"
time="2025-06-10T21:09:19+07:00" level=info msg=TESTIIIIIIIIIIIIIIIIIIIk func="server.(*Server).MapHandlers()" file="handlers.go:\x15"
time="2025-06-10T21:09:19+07:00" level=info msg=22222222222222222222222 func="server.(*Server).MapHandlers()" file="handlers.go:\x17"
time="2025-06-10T21:09:19+07:00" level=info msg=333333333333333333 func="server.(*Server).MapHandlers()" file="handlers.go:\x19"
time="2025-06-10T21:12:19+07:00" level=info msg=TESTIIIIIIIIIIIIIIIIIIIk func="server.(*Server).MapHandlers()" file="handlers.go:\x15"
time="2025-06-10T21:12:19+07:00" level=info msg=22222222222222222222222 func="server.(*Server).MapHandlers()" file="handlers.go:\x17"
time="2025-06-10T21:12:19+07:00" level=info msg=333333333333333333 func="server.(*Server).MapHandlers()" file="handlers.go:\x19"
time="2025-06-10T21:14:19+07:00" level=info msg=TESTIIIIIIIIIIIIIIIIIIIk func="server.(*Server).MapHandlers()" file="handlers.go:\x15"
time="2025-06-10T21:14:19+07:00" level=info msg=22222222222222222222222 func="server.(*Server).MapHandlers()" file="handlers.go:\x17"
time="2025-06-10T21:14:19+07:00" level=info msg=333333333333333333 func="server.(*Server).MapHandlers()" file="handlers.go:\x19"
time="2025-06-10T21:15:08+07:00" level=info msg=TESTIIIIIIIIIIIIIIIIIIIk func="server.(*Server).MapHandlers()" file="handlers.go:\x15"
time="2025-06-10T21:15:08+07:00" level=info msg=22222222222222222222222 func="server.(*Server).MapHandlers()" file="handlers.go:\x17"
time="2025-06-10T21:15:08+07:00" level=info msg=333333333333333333 func="server.(*Server).MapHandlers()" file="handlers.go:\x19"
time="2025-06-10T21:16:30+07:00" level=info msg=TESTIIIIIIIIIIIIIIIIIIIk func="server.(*Server).MapHandlers()" file="handlers.go:\x15"
time="2025-06-10T21:16:30+07:00" level=info msg=22222222222222222222222 func="server.(*Server).MapHandlers()" file="handlers.go:\x17"
time="2025-06-10T21:16:30+07:00" level=info msg=333333333333333333 func="server.(*Server).MapHandlers()" file="handlers.go:\x19"
time="2025-06-10T21:18:37+07:00" level=info msg="&{0xc00010a8a0 {0xc00025d700}}" func="server.(*Server).MapHandlers()" file="handlers.go:\x15"
time="2025-06-10T21:18:37+07:00" level=info msg=22222222222222222222222 func="server.(*Server).MapHandlers()" file="handlers.go:\x17"
time="2025-06-10T21:18:37+07:00" level=info msg=333333333333333333 func="server.(*Server).MapHandlers()" file="handlers.go:\x19"
time="2025-06-10T21:19:55+07:00" level=info msg=22222222222222222222222 func="server.(*Server).MapHandlers()" file="handlers.go:\x16"
time="2025-06-10T21:19:55+07:00" level=info msg=333333333333333333 func="server.(*Server).MapHandlers()" file="handlers.go:\x18"
time="2025-06-10T21:29:26+07:00" level=info msg="Try server starting" func="server.(*Server).Run()" file="server.go:\x1f"
time="2025-06-10T21:29:26+07:00" level=info msg="Server is listening on PORT: 8080" func="server.(*Server).Run.func1()" file="server.go:'"
time="2025-06-10T21:29:26+07:00" level=fatal msg="Error starting Server: listen tcp: address 8080: missing port in address" func="server.(*Server).Run.func1()" file="server.go:)"
time="2025-06-10T21:30:58+07:00" level=info msg="Try server starting" func="server.(*Server).Run()" file="server.go:\x1f"
time="2025-06-10T21:30:58+07:00" level=info msg="Server is listening on PORT: 8080" func="server.(*Server).Run.func1()" file="server.go:'"
time="2025-06-10T21:30:58+07:00" level=fatal msg="Error starting Server: listen tcp: address 8080: missing port in address" func="server.(*Server).Run.func1()" file="server.go:)"
time="2025-06-10T21:32:31+07:00" level=info msg="Try server starting" func="server.(*Server).Run()" file="server.go:\x1f"
time="2025-06-10T21:32:31+07:00" level=info msg="Server is listening on PORT: 8080" func="server.(*Server).Run.func1()" file="server.go:'"
time="2025-06-10T21:33:17+07:00" level=info msg="Try server starting" func="server.(*Server).Run()" file="server.go:\x1f"
time="2025-06-10T21:33:17+07:00" level=info msg="Server is listening on PORT: 8080" func="server.(*Server).Run.func1()" file="server.go:'"
time="2025-06-10T21:40:02+07:00" level=info msg="Start creation a transaction" func="http.(*transHandler).Create()" file="handlers.go:\x18"
time="2025-06-10T21:40:02+07:00" level=info msg="Try server starting" func="server.(*Server).Run()" file="server.go:\x1f"
time="2025-06-10T21:40:02+07:00" level=info msg="Server is listening on PORT: 8080" func="server.(*Server).Run.func1()" file="server.go:'"
time="2025-06-10T21:43:22+07:00" level=info msg="Start creation a transaction" func="http.(*transHandler).Create()" file="handlers.go:\x18"
time="2025-06-10T21:43:22+07:00" level=info msg="Try server starting" func="server.(*Server).Run()" file="server.go:\x1f"
time="2025-06-10T21:43:22+07:00" level=info msg="Server is listening on PORT: 8080" func="server.(*Server).Run.func1()" file="server.go:'"
time="2025-06-10T21:43:52+07:00" level=info msg="Start creation a transaction" func="http.(*transHandler).Create()" file="handlers.go:\x18"
time="2025-06-10T21:43:52+07:00" level=info msg="Try server starting" func="server.(*Server).Run()" file="server.go:\x1f"
time="2025-06-10T21:43:52+07:00" level=info msg="Server is listening on PORT: 8080" func="server.(*Server).Run.func1()" file="server.go:'"
time="2025-06-10T22:10:28+07:00" level=info msg="Try server starting" func="server.(*Server).Run()" file="server.go:\x1b"
time="2025-06-10T22:10:28+07:00" level=info msg="Start creation a transaction" func="http.(*transHandler).Create()" file="handlers.go:\x18"
time="2025-06-10T22:10:28+07:00" level=info msg="Server is listening on PORT: 8080" func="server.(*Server).Run.func1()" file="server.go:#"
time="2025-06-10T22:16:44+07:00" level=info msg="Try server starting" func="server.(*Server).Run()" file="server.go:\x19"
time="2025-06-10T22:16:44+07:00" level=info msg="Start creation a transaction" func="http.(*transHandler).Create()" file="handlers.go:\x18"
time="2025-06-10T23:02:50+07:00" level=info msg="Try server starting" func="server.(*Server).Run()" file="server.go:\x1b"
time="2025-06-10T23:02:50+07:00" level=info msg="Start creation a transaction" func="http.(*transHandler).Create()" file="handlers.go:\x18"
time="2025-06-10T23:02:50+07:00" level=info msg="Server is listening on PORT: 8080" func="server.(*Server).Run.func1()" file="server.go:#"
time="2025-06-10T23:07:26+07:00" level=info msg="Try server starting" func="server.(*Server).Run()" file="server.go:\x1b"
time="2025-06-10T23:07:26+07:00" level=info msg="Start creation a transaction" func="http.(*transHandler).Create()" file="handlers.go:\x18"
time="2025-06-10T23:07:26+07:00" level=info msg="Server is listening on PORT: 8080" func="server.(*Server).Run.func1()" file="server.go:#"
time="2025-06-10T23:07:26+07:00" level=fatal msg="Error starting Server: listen tcp :8080: bind: Only one usage of each socket address (protocol/network address/port) is normally permitted." func="server.(*Server).Run.func1()" file="server.go:%"
